
Published topics:
 * /rosout_agg [rosgraph_msgs/Log] 1 publisher
 * /rosout [rosgraph_msgs/Log] 4 publishers
 * /planning_vis/trajectory [visualization_msgs/Marker] 1 publisher
 * /planning_vis/topo_path [visualization_msgs/Marker] 1 publisher
 * /planning_vis/prediction [visualization_msgs/Marker] 1 publisher
 * /planning_vis/visib_constraint [visualization_msgs/Marker] 1 publisher
 * /planning_vis/frontier [visualization_msgs/Marker] 1 publisher
 * /planning_vis/yaw [visualization_msgs/Marker] 1 publisher
 * /planning_vis/viewpoints [visualization_msgs/Marker] 1 publisher
 * /ros/state [std_msgs/Int32] 1 publisher
 * /ros/expl_state [std_msgs/Int32] 1 publisher
 * /habitat/plan_action [std_msgs/Int32] 1 publisher
 * /ros/expl_result [std_msgs/Int32] 1 publisher
 * /robot [visualization_msgs/Marker] 1 publisher
 * /habitat/object_point_cloud [sensor_msgs/PointCloud2] 1 publisher
 * /habitat/camera_depth [sensor_msgs/Image] 1 publisher
 * /habitat/camera_rgb [sensor_msgs/Image] 1 publisher
 * /habitat/odom [nav_msgs/Odometry] 1 publisher
 * /habitat/sensor_pose [nav_msgs/Odometry] 1 publisher
 * /habitat/state [std_msgs/Int32] 1 publisher
 * /move_base_simple/goal [geometry_msgs/PoseStamped] 1 publisher
 * /blip2/cosine_score [std_msgs/Float64] 1 publisher
 * /detector/confidence_threshold [std_msgs/Float64] 1 publisher
 * /detector/clouds_with_scores [plan_env/MultipleMasksWithConfidence] 1 publisher
 * /habitat/progress [std_msgs/Int32MultiArray] 1 publisher
 * /habitat/record [std_msgs/Float32MultiArray] 1 publisher
 * /object/clouds [sensor_msgs/PointCloud2] 1 publisher
 * /grid_map/occupied [sensor_msgs/PointCloud2] 1 publisher
 * /grid_map/unknown [sensor_msgs/PointCloud2] 1 publisher
 * /grid_map/free [sensor_msgs/PointCloud2] 1 publisher
 * /grid_map/occupied_inflate [sensor_msgs/PointCloud2] 1 publisher
 * /grid_map/occupancy_object [sensor_msgs/PointCloud2] 1 publisher
 * /grid_map/esdf [sensor_msgs/PointCloud2] 1 publisher
 * /grid_map/update_range [visualization_msgs/Marker] 1 publisher
 * /grid_map/depth_cloud [sensor_msgs/PointCloud2] 1 publisher
 * /grid_map/filtered_depth_cloud [sensor_msgs/PointCloud2] 1 publisher
 * /grid_map/filtered_object_cloud [sensor_msgs/PointCloud2] 1 publisher
 * /grid_map/all_object_cloud [sensor_msgs/PointCloud2] 1 publisher
 * /grid_map/over_depth_object_cloud [sensor_msgs/PointCloud2] 1 publisher
 * /grid_map/value_map [sensor_msgs/PointCloud2] 1 publisher
 * /grid_map/confidence_map [sensor_msgs/PointCloud2] 1 publisher

Subscribed topics:
 * /rosout [rosgraph_msgs/Log] 1 subscriber
 * /move_base_simple/goal [geometry_msgs/PoseStamped] 1 subscriber
 * /habitat/odom [nav_msgs/Odometry] 1 subscriber
 * /habitat/state [std_msgs/Int32] 2 subscribers
 * /detector/confidence_threshold [std_msgs/Float64] 1 subscriber
 * /habitat/plan_action [std_msgs/Int32] 2 subscribers
 * /ros/state [std_msgs/Int32] 2 subscribers
 * /ros/expl_state [std_msgs/Int32] 2 subscribers
 * /ros/expl_result [std_msgs/Int32] 2 subscribers
 * /habitat/progress [std_msgs/Int32MultiArray] 1 subscriber
 * /habitat/record [std_msgs/Float32MultiArray] 1 subscriber
 * /detector/clouds_with_scores [plan_env/MultipleMasksWithConfidence] 1 subscriber
 * /blip2/cosine_score [std_msgs/Float64] 1 subscriber
 * /habitat/camera_depth [sensor_msgs/Image] 1 subscriber
 * /habitat/sensor_pose [nav_msgs/Odometry] 1 subscriber
